Traceback (most recent call last):
  File "//anaconda3/lib/python3.10/site-packages/jupyter_cache/executors/utils.py", line 58, in single_nb_execution
    executenb(
  File "//anaconda3/lib/python3.10/site-packages/nbclient/client.py", line 1204, in execute
    return NotebookClient(nb=nb, resources=resources, km=km, **kwargs).execute()
  File "//anaconda3/lib/python3.10/site-packages/nbclient/util.py", line 84, in wrapped
    return just_run(coro(*args, **kwargs))
  File "//anaconda3/lib/python3.10/site-packages/nbclient/util.py", line 62, in just_run
    return loop.run_until_complete(coro)
  File "//anaconda3/lib/python3.10/asyncio/base_events.py", line 649, in run_until_complete
    return future.result()
  File "//anaconda3/lib/python3.10/site-packages/nbclient/client.py", line 663, in async_execute
    await self.async_execute_cell(
  File "//anaconda3/lib/python3.10/site-packages/nbclient/client.py", line 965, in async_execute_cell
    await self._check_raise_for_error(cell, cell_index, exec_reply)
  File "//anaconda3/lib/python3.10/site-packages/nbclient/client.py", line 862, in _check_raise_for_error
    raise CellExecutionError.from_cell_and_msg(cell, exec_reply_content)
nbclient.exceptions.CellExecutionError: An error occurred while executing the following cell:
------------------
import sympy as sp

def find_antiderivative():
    # Prompt the user for the function f(x)
    function_input = input("Enter the function f(x): ")

    # Define the variable and function using sympy
    x = sp.Symbol('x')
    f = sp.sympify(function_input)

    # Compute the antiderivative of f(x)
    antiderivative = sp.integrate(f, x)

    # Return the general antiderivative
    return antiderivative

# Run the function to find the antiderivative
antiderivative = find_antiderivative()

# Print the general antiderivative
print("General Antiderivative:")
print(antiderivative)
------------------

[0;31m---------------------------------------------------------------------------[0m
[0;31mStdinNotImplementedError[0m                  Traceback (most recent call last)
Cell [0;32mIn[1], line 18[0m
[1;32m     15[0m     [38;5;28;01mreturn[39;00m antiderivative
[1;32m     17[0m [38;5;66;03m# Run the function to find the antiderivative[39;00m
[0;32m---> 18[0m antiderivative [38;5;241m=[39m [43mfind_antiderivative[49m[43m([49m[43m)[49m
[1;32m     20[0m [38;5;66;03m# Print the general antiderivative[39;00m
[1;32m     21[0m [38;5;28mprint[39m([38;5;124m"[39m[38;5;124mGeneral Antiderivative:[39m[38;5;124m"[39m)

Cell [0;32mIn[1], line 5[0m, in [0;36mfind_antiderivative[0;34m()[0m
[1;32m      3[0m [38;5;28;01mdef[39;00m [38;5;21mfind_antiderivative[39m():
[1;32m      4[0m     [38;5;66;03m# Prompt the user for the function f(x)[39;00m
[0;32m----> 5[0m     function_input [38;5;241m=[39m [38;5;28;43minput[39;49m[43m([49m[38;5;124;43m"[39;49m[38;5;124;43mEnter the function f(x): [39;49m[38;5;124;43m"[39;49m[43m)[49m
[1;32m      7[0m     [38;5;66;03m# Define the variable and function using sympy[39;00m
[1;32m      8[0m     x [38;5;241m=[39m sp[38;5;241m.[39mSymbol([38;5;124m'[39m[38;5;124mx[39m[38;5;124m'[39m)

File [0;32m//anaconda3/lib/python3.10/site-packages/ipykernel/kernelbase.py:1172[0m, in [0;36mKernel.raw_input[0;34m(self, prompt)[0m
[1;32m   1165[0m [38;5;250m[39m[38;5;124;03m"""Forward raw_input to frontends[39;00m
[1;32m   1166[0m 
[1;32m   1167[0m [38;5;124;03mRaises[39;00m
[1;32m   1168[0m [38;5;124;03m------[39;00m
[1;32m   1169[0m [38;5;124;03mStdinNotImplementedError if active frontend doesn't support stdin.[39;00m
[1;32m   1170[0m [38;5;124;03m"""[39;00m
[1;32m   1171[0m [38;5;28;01mif[39;00m [38;5;129;01mnot[39;00m [38;5;28mself[39m[38;5;241m.[39m_allow_stdin:
[0;32m-> 1172[0m     [38;5;28;01mraise[39;00m StdinNotImplementedError(
[1;32m   1173[0m         [38;5;124m"[39m[38;5;124mraw_input was called, but this frontend does not support input requests.[39m[38;5;124m"[39m
[1;32m   1174[0m     )
[1;32m   1175[0m [38;5;28;01mreturn[39;00m [38;5;28mself[39m[38;5;241m.[39m_input_request(
[1;32m   1176[0m     [38;5;28mstr[39m(prompt),
[1;32m   1177[0m     [38;5;28mself[39m[38;5;241m.[39m_parent_ident[[38;5;124m"[39m[38;5;124mshell[39m[38;5;124m"[39m],
[1;32m   1178[0m     [38;5;28mself[39m[38;5;241m.[39mget_parent([38;5;124m"[39m[38;5;124mshell[39m[38;5;124m"[39m),
[1;32m   1179[0m     password[38;5;241m=[39m[38;5;28;01mFalse[39;00m,
[1;32m   1180[0m )

[0;31mStdinNotImplementedError[0m: raw_input was called, but this frontend does not support input requests.
StdinNotImplementedError: raw_input was called, but this frontend does not support input requests.

