Traceback (most recent call last):
  File "/home/timothyproject/anaconda3/lib/python3.8/site-packages/jupyter_cache/executors/utils.py", line 58, in single_nb_execution
    executenb(
  File "/home/timothyproject/anaconda3/lib/python3.8/site-packages/nbclient/client.py", line 1112, in execute
    return NotebookClient(nb=nb, resources=resources, km=km, **kwargs).execute()
  File "/home/timothyproject/anaconda3/lib/python3.8/site-packages/nbclient/util.py", line 74, in wrapped
    return just_run(coro(*args, **kwargs))
  File "/home/timothyproject/anaconda3/lib/python3.8/site-packages/nbclient/util.py", line 53, in just_run
    return loop.run_until_complete(coro)
  File "/home/timothyproject/anaconda3/lib/python3.8/asyncio/base_events.py", line 616, in run_until_complete
    return future.result()
  File "/home/timothyproject/anaconda3/lib/python3.8/site-packages/nbclient/client.py", line 553, in async_execute
    await self.async_execute_cell(
  File "/home/timothyproject/anaconda3/lib/python3.8/site-packages/nbclient/client.py", line 857, in async_execute_cell
    self._check_raise_for_error(cell, exec_reply)
  File "/home/timothyproject/anaconda3/lib/python3.8/site-packages/nbclient/client.py", line 760, in _check_raise_for_error
    raise CellExecutionError.from_cell_and_msg(cell, exec_reply_content)
nbclient.exceptions.CellExecutionError: An error occurred while executing the following cell:
------------------
def roll_two_dice():
    die1 = random.randint(1, 6)
    die2 = random.randint(1, 6)
    return die1 + die2

def pass_line():
    roll = roll_two_dice()
    if (roll == 7) or (roll == 11):
        return "win"
    elif (roll == 2) or (roll == 3) or (roll == 12):
        return "lose"
    else:
        the_point = roll
        roll = roll_two_dice()
        if (roll == the_point):
            return "win"
        elif (roll == 7):
            return "lose"
        else:
            return "draw"

def dont_pass():
    roll = roll_two_dice()
    if (roll == 7) or (roll == 11):
        return "lose"
    elif (roll == 2) or (roll == 3) or (roll == 12):
        return "win"
    else:
        the_point = roll
        roll = roll_two_dice()
        if (roll == the_point):
            return "lose"
        elif (roll == 7):
            return "win"
        else:
            return "draw"

print("Pass line:")
print(pass_line())
print("\nPlay again\n")
print("Don't pass:")
print(dont_pass())
------------------

[0;31m---------------------------------------------------------------------------[0m
[0;31mNameError[0m                                 Traceback (most recent call last)
[0;32m<ipython-input-1-cdd41b66a94b>[0m in [0;36m<module>[0;34m[0m
[1;32m     37[0m [0;34m[0m[0m
[1;32m     38[0m [0mprint[0m[0;34m([0m[0;34m"Pass line:"[0m[0;34m)[0m[0;34m[0m[0;34m[0m[0m
[0;32m---> 39[0;31m [0mprint[0m[0;34m([0m[0mpass_line[0m[0;34m([0m[0;34m)[0m[0;34m)[0m[0;34m[0m[0;34m[0m[0m
[0m[1;32m     40[0m [0mprint[0m[0;34m([0m[0;34m"\nPlay again\n"[0m[0;34m)[0m[0;34m[0m[0;34m[0m[0m
[1;32m     41[0m [0mprint[0m[0;34m([0m[0;34m"Don't pass:"[0m[0;34m)[0m[0;34m[0m[0;34m[0m[0m

[0;32m<ipython-input-1-cdd41b66a94b>[0m in [0;36mpass_line[0;34m()[0m
[1;32m      5[0m [0;34m[0m[0m
[1;32m      6[0m [0;32mdef[0m [0mpass_line[0m[0;34m([0m[0;34m)[0m[0;34m:[0m[0;34m[0m[0;34m[0m[0m
[0;32m----> 7[0;31m     [0mroll[0m [0;34m=[0m [0mroll_two_dice[0m[0;34m([0m[0;34m)[0m[0;34m[0m[0;34m[0m[0m
[0m[1;32m      8[0m     [0;32mif[0m [0;34m([0m[0mroll[0m [0;34m==[0m [0;36m7[0m[0;34m)[0m [0;32mor[0m [0;34m([0m[0mroll[0m [0;34m==[0m [0;36m11[0m[0;34m)[0m[0;34m:[0m[0;34m[0m[0;34m[0m[0m
[1;32m      9[0m         [0;32mreturn[0m [0;34m"win"[0m[0;34m[0m[0;34m[0m[0m

[0;32m<ipython-input-1-cdd41b66a94b>[0m in [0;36mroll_two_dice[0;34m()[0m
[1;32m      1[0m [0;32mdef[0m [0mroll_two_dice[0m[0;34m([0m[0;34m)[0m[0;34m:[0m[0;34m[0m[0;34m[0m[0m
[0;32m----> 2[0;31m     [0mdie1[0m [0;34m=[0m [0mrandom[0m[0;34m.[0m[0mrandint[0m[0;34m([0m[0;36m1[0m[0;34m,[0m [0;36m6[0m[0;34m)[0m[0;34m[0m[0;34m[0m[0m
[0m[1;32m      3[0m     [0mdie2[0m [0;34m=[0m [0mrandom[0m[0;34m.[0m[0mrandint[0m[0;34m([0m[0;36m1[0m[0;34m,[0m [0;36m6[0m[0;34m)[0m[0;34m[0m[0;34m[0m[0m
[1;32m      4[0m     [0;32mreturn[0m [0mdie1[0m [0;34m+[0m [0mdie2[0m[0;34m[0m[0;34m[0m[0m
[1;32m      5[0m [0;34m[0m[0m

[0;31mNameError[0m: name 'random' is not defined
NameError: name 'random' is not defined

