Traceback (most recent call last):
  File "//anaconda3/lib/python3.10/site-packages/jupyter_cache/executors/utils.py", line 58, in single_nb_execution
    executenb(
  File "//anaconda3/lib/python3.10/site-packages/nbclient/client.py", line 1204, in execute
    return NotebookClient(nb=nb, resources=resources, km=km, **kwargs).execute()
  File "//anaconda3/lib/python3.10/site-packages/nbclient/util.py", line 84, in wrapped
    return just_run(coro(*args, **kwargs))
  File "//anaconda3/lib/python3.10/site-packages/nbclient/util.py", line 62, in just_run
    return loop.run_until_complete(coro)
  File "//anaconda3/lib/python3.10/asyncio/base_events.py", line 649, in run_until_complete
    return future.result()
  File "//anaconda3/lib/python3.10/site-packages/nbclient/client.py", line 663, in async_execute
    await self.async_execute_cell(
  File "//anaconda3/lib/python3.10/site-packages/nbclient/client.py", line 965, in async_execute_cell
    await self._check_raise_for_error(cell, cell_index, exec_reply)
  File "//anaconda3/lib/python3.10/site-packages/nbclient/client.py", line 862, in _check_raise_for_error
    raise CellExecutionError.from_cell_and_msg(cell, exec_reply_content)
nbclient.exceptions.CellExecutionError: An error occurred while executing the following cell:
------------------
%matplotlib inline
plt.figure(figsize=(20,15))
#---Position for the source---
plt.text(-1.05,-.05,'x',color='r',size=30)
plt.text(-1.25,-.2,'Pollution',color='r',size=35)
plt.text(-1.25,-.35,'Source',color='r',size=35)
plt.xlim(-4, 4)
plt.ylim(-2.5,2.5)
#---Position for the sink---
plt.text(.95,-.05,'x',color='g',size=30)
plt.text(.5,-.2,'Extraction',color='g',size=35)
plt.text(.5,-.35,'well',color='g',size=35)
plt.text(.5,-.5,'(sink)',color='g',size=35)

#---Position for the monitoring well---
plt.text(.5,1.5,'o Monitoring well',color='g',size=30)

#---Create grid points at which to evaluate the streamfunction Psi(x,y)
x = np.linspace(-4, 4, 250)
y = np.linspace(-3, 3, 250)
X, Y = np.meshgrid(x, y)
Psi = -Y-2*np.arctan2(Y,(X+1))+2*np.arctan2(Y,(X-1))
#--Create the Contours--
contours=plt.contour(X, Y, Psi, levels=np.linspace(-15,15,100), colors='black');
#---Plot the Dividing Streamline---------
contours=plt.contour(X, Y, Psi, levels=-2*np.arctan(.0001)+2*np.arctan(.0001), colors='red');
contours=plt.contour(X, Y, Psi, levels=-2*np.pi, colors='red');
contours=plt.contour(X, Y, Psi, levels=2*np.pi, colors='red');
plt.text(-2.5,.5,'Dividing Streamline',color='r',size=20)
plt.text(-2.275,-.024,'o',color='r',size=20)
plt.text(2.195,-.024,'o',color='r',size=20)
plt.text(-2.9,-.15,' Stagnation Point',color='r',size=20)
plt.text(1.75,-.15,' Stagnation Point',color='r',size=20)
plt.text(-1.75,.75,'Contaminated Flow',color='k',size=20)
plt.text(-3.7,.75,'Uncontaminated Flow',color='k',size=20)

plt.clabel(contours, inline=True, fontsize=8)
plt.savefig('rankine.png')
------------------

[0;31m---------------------------------------------------------------------------[0m
[0;31mTypeError[0m                                 Traceback (most recent call last)
Cell [0;32mIn[21], line 26[0m
[1;32m     24[0m contours[38;5;241m=[39mplt[38;5;241m.[39mcontour(X, Y, Psi, levels[38;5;241m=[39mnp[38;5;241m.[39mlinspace([38;5;241m-[39m[38;5;241m15[39m,[38;5;241m15[39m,[38;5;241m100[39m), colors[38;5;241m=[39m[38;5;124m'[39m[38;5;124mblack[39m[38;5;124m'[39m);
[1;32m     25[0m [38;5;66;03m#---Plot the Dividing Streamline---------[39;00m
[0;32m---> 26[0m contours[38;5;241m=[39m[43mplt[49m[38;5;241;43m.[39;49m[43mcontour[49m[43m([49m[43mX[49m[43m,[49m[43m [49m[43mY[49m[43m,[49m[43m [49m[43mPsi[49m[43m,[49m[43m [49m[43mlevels[49m[38;5;241;43m=[39;49m[38;5;241;43m-[39;49m[38;5;241;43m2[39;49m[38;5;241;43m*[39;49m[43mnp[49m[38;5;241;43m.[39;49m[43marctan[49m[43m([49m[38;5;241;43m.0001[39;49m[43m)[49m[38;5;241;43m+[39;49m[38;5;241;43m2[39;49m[38;5;241;43m*[39;49m[43mnp[49m[38;5;241;43m.[39;49m[43marctan[49m[43m([49m[38;5;241;43m.0001[39;49m[43m)[49m[43m,[49m[43m [49m[43mcolors[49m[38;5;241;43m=[39;49m[38;5;124;43m'[39;49m[38;5;124;43mred[39;49m[38;5;124;43m'[39;49m[43m)[49m;
[1;32m     27[0m contours[38;5;241m=[39mplt[38;5;241m.[39mcontour(X, Y, Psi, levels[38;5;241m=[39m[38;5;241m-[39m[38;5;241m2[39m[38;5;241m*[39mnp[38;5;241m.[39mpi, colors[38;5;241m=[39m[38;5;124m'[39m[38;5;124mred[39m[38;5;124m'[39m);
[1;32m     28[0m contours[38;5;241m=[39mplt[38;5;241m.[39mcontour(X, Y, Psi, levels[38;5;241m=[39m[38;5;241m2[39m[38;5;241m*[39mnp[38;5;241m.[39mpi, colors[38;5;241m=[39m[38;5;124m'[39m[38;5;124mred[39m[38;5;124m'[39m);

File [0;32m//anaconda3/lib/python3.10/site-packages/matplotlib/pyplot.py:2527[0m, in [0;36mcontour[0;34m(data, *args, **kwargs)[0m
[1;32m   2525[0m [38;5;129m@_copy_docstring_and_deprecators[39m(Axes[38;5;241m.[39mcontour)
[1;32m   2526[0m [38;5;28;01mdef[39;00m [38;5;21mcontour[39m([38;5;241m*[39margs, data[38;5;241m=[39m[38;5;28;01mNone[39;00m, [38;5;241m*[39m[38;5;241m*[39mkwargs):
[0;32m-> 2527[0m     __ret [38;5;241m=[39m [43mgca[49m[43m([49m[43m)[49m[38;5;241;43m.[39;49m[43mcontour[49m[43m([49m
[1;32m   2528[0m [43m        [49m[38;5;241;43m*[39;49m[43margs[49m[43m,[49m[43m [49m[38;5;241;43m*[39;49m[38;5;241;43m*[39;49m[43m([49m[43m{[49m[38;5;124;43m"[39;49m[38;5;124;43mdata[39;49m[38;5;124;43m"[39;49m[43m:[49m[43m [49m[43mdata[49m[43m}[49m[43m [49m[38;5;28;43;01mif[39;49;00m[43m [49m[43mdata[49m[43m [49m[38;5;129;43;01mis[39;49;00m[43m [49m[38;5;129;43;01mnot[39;49;00m[43m [49m[38;5;28;43;01mNone[39;49;00m[43m [49m[38;5;28;43;01melse[39;49;00m[43m [49m[43m{[49m[43m}[49m[43m)[49m[43m,[49m
[1;32m   2529[0m [43m        [49m[38;5;241;43m*[39;49m[38;5;241;43m*[39;49m[43mkwargs[49m[43m)[49m
[1;32m   2530[0m     [38;5;28;01mif[39;00m __ret[38;5;241m.[39m_A [38;5;129;01mis[39;00m [38;5;129;01mnot[39;00m [38;5;28;01mNone[39;00m: sci(__ret)  [38;5;66;03m# noqa[39;00m
[1;32m   2531[0m     [38;5;28;01mreturn[39;00m __ret

File [0;32m//anaconda3/lib/python3.10/site-packages/matplotlib/__init__.py:1442[0m, in [0;36m_preprocess_data.<locals>.inner[0;34m(ax, data, *args, **kwargs)[0m
[1;32m   1439[0m [38;5;129m@functools[39m[38;5;241m.[39mwraps(func)
[1;32m   1440[0m [38;5;28;01mdef[39;00m [38;5;21minner[39m(ax, [38;5;241m*[39margs, data[38;5;241m=[39m[38;5;28;01mNone[39;00m, [38;5;241m*[39m[38;5;241m*[39mkwargs):
[1;32m   1441[0m     [38;5;28;01mif[39;00m data [38;5;129;01mis[39;00m [38;5;28;01mNone[39;00m:
[0;32m-> 1442[0m         [38;5;28;01mreturn[39;00m [43mfunc[49m[43m([49m[43max[49m[43m,[49m[43m [49m[38;5;241;43m*[39;49m[38;5;28;43mmap[39;49m[43m([49m[43msanitize_sequence[49m[43m,[49m[43m [49m[43margs[49m[43m)[49m[43m,[49m[43m [49m[38;5;241;43m*[39;49m[38;5;241;43m*[39;49m[43mkwargs[49m[43m)[49m
[1;32m   1444[0m     bound [38;5;241m=[39m new_sig[38;5;241m.[39mbind(ax, [38;5;241m*[39margs, [38;5;241m*[39m[38;5;241m*[39mkwargs)
[1;32m   1445[0m     auto_label [38;5;241m=[39m (bound[38;5;241m.[39marguments[38;5;241m.[39mget(label_namer)
[1;32m   1446[0m                   [38;5;129;01mor[39;00m bound[38;5;241m.[39mkwargs[38;5;241m.[39mget(label_namer))

File [0;32m//anaconda3/lib/python3.10/site-packages/matplotlib/axes/_axes.py:6451[0m, in [0;36mAxes.contour[0;34m(self, *args, **kwargs)[0m
[1;32m   6442[0m [38;5;250m[39m[38;5;124;03m"""[39;00m
[1;32m   6443[0m [38;5;124;03mPlot contour lines.[39;00m
[1;32m   6444[0m 
[0;32m   (...)[0m
[1;32m   6448[0m [38;5;124;03m%(contour_doc)s[39;00m
[1;32m   6449[0m [38;5;124;03m"""[39;00m
[1;32m   6450[0m kwargs[[38;5;124m'[39m[38;5;124mfilled[39m[38;5;124m'[39m] [38;5;241m=[39m [38;5;28;01mFalse[39;00m
[0;32m-> 6451[0m contours [38;5;241m=[39m [43mmcontour[49m[38;5;241;43m.[39;49m[43mQuadContourSet[49m[43m([49m[38;5;28;43mself[39;49m[43m,[49m[43m [49m[38;5;241;43m*[39;49m[43margs[49m[43m,[49m[43m [49m[38;5;241;43m*[39;49m[38;5;241;43m*[39;49m[43mkwargs[49m[43m)[49m
[1;32m   6452[0m [38;5;28mself[39m[38;5;241m.[39m_request_autoscale_view()
[1;32m   6453[0m [38;5;28;01mreturn[39;00m contours

File [0;32m//anaconda3/lib/python3.10/site-packages/matplotlib/contour.py:769[0m, in [0;36mContourSet.__init__[0;34m(self, ax, levels, filled, linewidths, linestyles, hatches, alpha, origin, extent, cmap, colors, norm, vmin, vmax, extend, antialiased, nchunk, locator, transform, negative_linestyles, *args, **kwargs)[0m
[1;32m    765[0m [38;5;28;01mif[39;00m [38;5;28mself[39m[38;5;241m.[39mnegative_linestyles [38;5;129;01mis[39;00m [38;5;28;01mNone[39;00m:
[1;32m    766[0m     [38;5;28mself[39m[38;5;241m.[39mnegative_linestyles [38;5;241m=[39m \
[1;32m    767[0m         mpl[38;5;241m.[39mrcParams[[38;5;124m'[39m[38;5;124mcontour.negative_linestyle[39m[38;5;124m'[39m]
[0;32m--> 769[0m kwargs [38;5;241m=[39m [38;5;28;43mself[39;49m[38;5;241;43m.[39;49m[43m_process_args[49m[43m([49m[38;5;241;43m*[39;49m[43margs[49m[43m,[49m[43m [49m[38;5;241;43m*[39;49m[38;5;241;43m*[39;49m[43mkwargs[49m[43m)[49m
[1;32m    770[0m [38;5;28mself[39m[38;5;241m.[39m_process_levels()
[1;32m    772[0m [38;5;28mself[39m[38;5;241m.[39m_extend_min [38;5;241m=[39m [38;5;28mself[39m[38;5;241m.[39mextend [38;5;129;01min[39;00m [[38;5;124m'[39m[38;5;124mmin[39m[38;5;124m'[39m, [38;5;124m'[39m[38;5;124mboth[39m[38;5;124m'[39m]

File [0;32m//anaconda3/lib/python3.10/site-packages/matplotlib/contour.py:1411[0m, in [0;36mQuadContourSet._process_args[0;34m(self, corner_mask, algorithm, *args, **kwargs)[0m
[1;32m   1408[0m         corner_mask [38;5;241m=[39m mpl[38;5;241m.[39mrcParams[[38;5;124m'[39m[38;5;124mcontour.corner_mask[39m[38;5;124m'[39m]
[1;32m   1409[0m [38;5;28mself[39m[38;5;241m.[39m_corner_mask [38;5;241m=[39m corner_mask
[0;32m-> 1411[0m x, y, z [38;5;241m=[39m [38;5;28;43mself[39;49m[38;5;241;43m.[39;49m[43m_contour_args[49m[43m([49m[43margs[49m[43m,[49m[43m [49m[43mkwargs[49m[43m)[49m
[1;32m   1413[0m contour_generator [38;5;241m=[39m contourpy[38;5;241m.[39mcontour_generator(
[1;32m   1414[0m     x, y, z, name[38;5;241m=[39m[38;5;28mself[39m[38;5;241m.[39m_algorithm, corner_mask[38;5;241m=[39m[38;5;28mself[39m[38;5;241m.[39m_corner_mask,
[1;32m   1415[0m     line_type[38;5;241m=[39mcontourpy[38;5;241m.[39mLineType[38;5;241m.[39mSeparateCode,
[1;32m   1416[0m     fill_type[38;5;241m=[39mcontourpy[38;5;241m.[39mFillType[38;5;241m.[39mOuterCode,
[1;32m   1417[0m     chunk_size[38;5;241m=[39m[38;5;28mself[39m[38;5;241m.[39mnchunk)
[1;32m   1419[0m t [38;5;241m=[39m [38;5;28mself[39m[38;5;241m.[39mget_transform()

File [0;32m//anaconda3/lib/python3.10/site-packages/matplotlib/contour.py:1460[0m, in [0;36mQuadContourSet._contour_args[0;34m(self, args, kwargs)[0m
[1;32m   1458[0m     _api[38;5;241m.[39mwarn_external([38;5;124m'[39m[38;5;124mLog scale: values of z <= 0 have been masked[39m[38;5;124m'[39m)
[1;32m   1459[0m     [38;5;28mself[39m[38;5;241m.[39mzmin [38;5;241m=[39m [38;5;28mfloat[39m(z[38;5;241m.[39mmin())
[0;32m-> 1460[0m [38;5;28;43mself[39;49m[38;5;241;43m.[39;49m[43m_process_contour_level_args[49m[43m([49m[43margs[49m[43m,[49m[43m [49m[43mz[49m[38;5;241;43m.[39;49m[43mdtype[49m[43m)[49m
[1;32m   1461[0m [38;5;28;01mreturn[39;00m (x, y, z)

File [0;32m//anaconda3/lib/python3.10/site-packages/matplotlib/contour.py:1142[0m, in [0;36mContourSet._process_contour_level_args[0;34m(self, args, z_dtype)[0m
[1;32m   1140[0m [38;5;28;01mif[39;00m [38;5;28mself[39m[38;5;241m.[39mfilled [38;5;129;01mand[39;00m [38;5;28mlen[39m([38;5;28mself[39m[38;5;241m.[39mlevels) [38;5;241m<[39m [38;5;241m2[39m:
[1;32m   1141[0m     [38;5;28;01mraise[39;00m [38;5;167;01mValueError[39;00m([38;5;124m"[39m[38;5;124mFilled contours require at least 2 levels.[39m[38;5;124m"[39m)
[0;32m-> 1142[0m [38;5;28;01mif[39;00m [38;5;28;43mlen[39;49m[43m([49m[38;5;28;43mself[39;49m[38;5;241;43m.[39;49m[43mlevels[49m[43m)[49m [38;5;241m>[39m [38;5;241m1[39m [38;5;129;01mand[39;00m np[38;5;241m.[39mmin(np[38;5;241m.[39mdiff([38;5;28mself[39m[38;5;241m.[39mlevels)) [38;5;241m<[39m[38;5;241m=[39m [38;5;241m0.0[39m:
[1;32m   1143[0m     [38;5;28;01mraise[39;00m [38;5;167;01mValueError[39;00m([38;5;124m"[39m[38;5;124mContour levels must be increasing[39m[38;5;124m"[39m)

[0;31mTypeError[0m: len() of unsized object
TypeError: len() of unsized object

