Traceback (most recent call last):
  File "/Users/claire/opt/miniconda3/lib/python3.8/site-packages/jupyter_cache/executors/utils.py", line 58, in single_nb_execution
    executenb(
  File "/Users/claire/opt/miniconda3/lib/python3.8/site-packages/nbclient/client.py", line 1305, in execute
    return NotebookClient(nb=nb, resources=resources, km=km, **kwargs).execute()
  File "/Users/claire/opt/miniconda3/lib/python3.8/site-packages/jupyter_core/utils/__init__.py", line 166, in wrapped
    return loop.run_until_complete(inner)
  File "/Users/claire/opt/miniconda3/lib/python3.8/asyncio/base_events.py", line 616, in run_until_complete
    return future.result()
  File "/Users/claire/opt/miniconda3/lib/python3.8/site-packages/nbclient/client.py", line 705, in async_execute
    await self.async_execute_cell(
  File "/Users/claire/opt/miniconda3/lib/python3.8/site-packages/nbclient/client.py", line 1058, in async_execute_cell
    await self._check_raise_for_error(cell, cell_index, exec_reply)
  File "/Users/claire/opt/miniconda3/lib/python3.8/site-packages/nbclient/client.py", line 914, in _check_raise_for_error
    raise CellExecutionError.from_cell_and_msg(cell, exec_reply_content)
nbclient.exceptions.CellExecutionError: An error occurred while executing the following cell:
------------------
!pip install wordcloud
import wordcloud #used to make a wordcloud
------------------

----- stdout -----
Defaulting to user installation because normal site-packages is not writeable
----- stdout -----
Requirement already satisfied: wordcloud in /Users/claire/Library/Python/3.8/lib/python/site-packages (1.9.2)
Requirement already satisfied: numpy>=1.6.1 in /Users/claire/Library/Python/3.8/lib/python/site-packages (from wordcloud) (1.22.2)
Requirement already satisfied: pillow in /Users/claire/Library/Python/3.8/lib/python/site-packages (from wordcloud) (9.4.0)
Requirement already satisfied: matplotlib in /Users/claire/Library/Python/3.8/lib/python/site-packages (from wordcloud) (3.7.1)
----- stdout -----
Requirement already satisfied: contourpy>=1.0.1 in /Users/claire/Library/Python/3.8/lib/python/site-packages (from matplotlib->wordcloud) (1.0.7)
Requirement already satisfied: cycler>=0.10 in /Users/claire/Library/Python/3.8/lib/python/site-packages (from matplotlib->wordcloud) (0.11.0)
Requirement already satisfied: fonttools>=4.22.0 in /Users/claire/Library/Python/3.8/lib/python/site-packages (from matplotlib->wordcloud) (4.39.2)
Requirement already satisfied: kiwisolver>=1.0.1 in /Users/claire/Library/Python/3.8/lib/python/site-packages (from matplotlib->wordcloud) (1.4.4)
Requirement already satisfied: packaging>=20.0 in /Users/claire/Library/Python/3.8/lib/python/site-packages (from matplotlib->wordcloud) (23.0)
Requirement already satisfied: pyparsing>=2.3.1 in /Users/claire/Library/Python/3.8/lib/python/site-packages (from matplotlib->wordcloud) (3.0.9)
Requirement already satisfied: python-dateutil>=2.7 in /Users/claire/Library/Python/3.8/lib/python/site-packages (from matplotlib->wordcloud) (2.8.2)
Requirement already satisfied: importlib-resources>=3.2.0 in /Users/claire/Library/Python/3.8/lib/python/site-packages (from matplotlib->wordcloud) (5.12.0)
----- stdout -----
Requirement already satisfied: zipp>=3.1.0 in /Users/claire/Library/Python/3.8/lib/python/site-packages (from importlib-resources>=3.2.0->matplotlib->wordcloud) (3.15.0)
Requirement already satisfied: six>=1.5 in /Users/claire/Library/Python/3.8/lib/python/site-packages (from python-dateutil>=2.7->matplotlib->wordcloud) (1.16.0)
------------------

[0;31m---------------------------------------------------------------------------[0m
[0;31mModuleNotFoundError[0m                       Traceback (most recent call last)
Cell [0;32mIn[6], line 2[0m
[1;32m      1[0m get_ipython()[38;5;241m.[39msystem([38;5;124m'[39m[38;5;124mpip install wordcloud[39m[38;5;124m'[39m)
[0;32m----> 2[0m [38;5;28;01mimport[39;00m [38;5;21;01mwordcloud[39;00m [38;5;66;03m#used to make a wordcloud[39;00m

[0;31mModuleNotFoundError[0m: No module named 'wordcloud'

